<?xml version="1.0" encoding="UTF-8"?>
<example xmlns="http://docbook.org/ns/docbook" id="method-stubbing.test-partial-mock">
	<title>Using Partial Mocks</title>
		<programlisting><![CDATA[<?php
class MyClassTest extends PHPUnit_Framework_TestCase
{
	public function testCallingParent()
	{
		$mock = Phake::partialMock('MyClass', 42);

		$this->assertEquals(42, $mock->foo());
	}
}
?>]]></programlisting>
</example>
